This is pdfTeX, Version 3.14159265-2.6-1.40.16 (TeX Live 2015) (preloaded format=pdflatex 2015.5.24)  28 JUN 2016 11:11
entering extended mode
 restricted \write18 enabled.
 file:line:error style messages enabled.
 %&-line parsing enabled.
**BEM_Results.tex
(./BEM_Results.tex
LaTeX2e <2015/01/01>
Babel <3.9l> and hyphenation patterns for 79 languages loaded.
(/usr/local/texlive/2015/texmf-dist/tex/latex/base/article.cls
Document Class: article 2014/09/29 v1.4h Standard LaTeX document class
(/usr/local/texlive/2015/texmf-dist/tex/latex/base/size10.clo
File: size10.clo 2014/09/29 v1.4h Standard LaTeX file (size option)
)
\c@part=\count79
\c@section=\count80
\c@subsection=\count81
\c@subsubsection=\count82
\c@paragraph=\count83
\c@subparagraph=\count84
\c@figure=\count85
\c@table=\count86
\abovecaptionskip=\skip41
\belowcaptionskip=\skip42
\bibindent=\dimen102
)
(/usr/local/texlive/2015/texmf-dist/tex/latex/geometry/geometry.sty
Package: geometry 2010/09/12 v5.6 Page Geometry

(/usr/local/texlive/2015/texmf-dist/tex/latex/graphics/keyval.sty
Package: keyval 2014/10/28 v1.15 key=value parser (DPC)
\KV@toks@=\toks14
)
(/usr/local/texlive/2015/texmf-dist/tex/generic/oberdiek/ifpdf.sty
Package: ifpdf 2011/01/30 v2.3 Provides the ifpdf switch (HO)
Package ifpdf Info: pdfTeX in PDF mode is detected.
)
(/usr/local/texlive/2015/texmf-dist/tex/generic/oberdiek/ifvtex.sty
Package: ifvtex 2010/03/01 v1.5 Detect VTeX and its facilities (HO)
Package ifvtex Info: VTeX not detected.
)
(/usr/local/texlive/2015/texmf-dist/tex/generic/ifxetex/ifxetex.sty
Package: ifxetex 2010/09/12 v0.6 Provides ifxetex conditional
)
\Gm@cnth=\count87
\Gm@cntv=\count88
\c@Gm@tempcnt=\count89
\Gm@bindingoffset=\dimen103
\Gm@wd@mp=\dimen104
\Gm@odd@mp=\dimen105
\Gm@even@mp=\dimen106
\Gm@layoutwidth=\dimen107
\Gm@layoutheight=\dimen108
\Gm@layouthoffset=\dimen109
\Gm@layoutvoffset=\dimen110
\Gm@dimlist=\toks15
)
(/usr/local/texlive/2015/texmf-dist/tex/latex/graphics/graphicx.sty
Package: graphicx 2014/10/28 v1.0g Enhanced LaTeX Graphics (DPC,SPQR)

(/usr/local/texlive/2015/texmf-dist/tex/latex/graphics/graphics.sty
Package: graphics 2014/10/28 v1.0p Standard LaTeX Graphics (DPC,SPQR)

(/usr/local/texlive/2015/texmf-dist/tex/latex/graphics/trig.sty
Package: trig 1999/03/16 v1.09 sin cos tan (DPC)
)
(/usr/local/texlive/2015/texmf-dist/tex/latex/latexconfig/graphics.cfg
File: graphics.cfg 2010/04/23 v1.9 graphics configuration of TeX Live
)
Package graphics Info: Driver file: pdftex.def on input line 94.

(/usr/local/texlive/2015/texmf-dist/tex/latex/pdftex-def/pdftex.def
File: pdftex.def 2011/05/27 v0.06d Graphics/color for pdfTeX

(/usr/local/texlive/2015/texmf-dist/tex/generic/oberdiek/infwarerr.sty
Package: infwarerr 2010/04/08 v1.3 Providing info/warning/error messages (HO)
)
(/usr/local/texlive/2015/texmf-dist/tex/generic/oberdiek/ltxcmds.sty
Package: ltxcmds 2011/11/09 v1.22 LaTeX kernel commands for general use (HO)
)
\Gread@gobject=\count90
))
\Gin@req@height=\dimen111
\Gin@req@width=\dimen112
)
(/usr/local/texlive/2015/texmf-dist/tex/latex/float/float.sty
Package: float 2001/11/08 v1.3d Float enhancements (AL)
\c@float@type=\count91
\float@exts=\toks16
\float@box=\box26
\@float@everytoks=\toks17
\@floatcapt=\box27
)
(/usr/local/texlive/2015/texmf-dist/tex/latex/caption/caption.sty
Package: caption 2013/05/02 v3.3-89 Customizing captions (AR)

(/usr/local/texlive/2015/texmf-dist/tex/latex/caption/caption3.sty
Package: caption3 2013/05/02 v1.6-88 caption3 kernel (AR)
Package caption3 Info: TeX engine: e-TeX on input line 57.
\captionmargin=\dimen113
\captionmargin@=\dimen114
\captionwidth=\dimen115
\caption@tempdima=\dimen116
\caption@indent=\dimen117
\caption@parindent=\dimen118
\caption@hangindent=\dimen119
)
\c@ContinuedFloat=\count92
Package caption Info: float package is loaded.
)
(/usr/local/texlive/2015/texmf-dist/tex/latex/caption/subcaption.sty
Package: subcaption 2013/02/03 v1.1-62 Sub-captions (AR)
\c@subfigure=\count93
\c@subtable=\count94
)
(./BEM_Results.aux)
\openout1 = `BEM_Results.aux'.

LaTeX Font Info:    Checking defaults for OML/cmm/m/it on input line 10.
LaTeX Font Info:    ... okay on input line 10.
LaTeX Font Info:    Checking defaults for T1/cmr/m/n on input line 10.
LaTeX Font Info:    ... okay on input line 10.
LaTeX Font Info:    Checking defaults for OT1/cmr/m/n on input line 10.
LaTeX Font Info:    ... okay on input line 10.
LaTeX Font Info:    Checking defaults for OMS/cmsy/m/n on input line 10.
LaTeX Font Info:    ... okay on input line 10.
LaTeX Font Info:    Checking defaults for OMX/cmex/m/n on input line 10.
LaTeX Font Info:    ... okay on input line 10.
LaTeX Font Info:    Checking defaults for U/cmr/m/n on input line 10.
LaTeX Font Info:    ... okay on input line 10.

*geometry* driver: auto-detecting
*geometry* detected driver: pdftex
*geometry* verbose mode - [ preamble ] result:
* driver: pdftex
* paper: letterpaper
* layout: <same size as paper>
* layoutoffset:(h,v)=(0.0pt,0.0pt)
* modes: 
* h-part:(L,W,R)=(72.26999pt, 469.75502pt, 72.26999pt)
* v-part:(T,H,B)=(72.26999pt, 650.43001pt, 72.26999pt)
* \paperwidth=614.295pt
* \paperheight=794.96999pt
* \textwidth=469.75502pt
* \textheight=650.43001pt
* \oddsidemargin=0.0pt
* \evensidemargin=0.0pt
* \topmargin=-37.0pt
* \headheight=12.0pt
* \headsep=25.0pt
* \topskip=10.0pt
* \footskip=30.0pt
* \marginparwidth=65.0pt
* \marginparsep=11.0pt
* \columnsep=10.0pt
* \skip\footins=9.0pt plus 4.0pt minus 2.0pt
* \hoffset=0.0pt
* \voffset=0.0pt
* \mag=1000
* \@twocolumnfalse
* \@twosidefalse
* \@mparswitchfalse
* \@reversemarginfalse
* (1in=72.27pt=25.4mm, 1cm=28.453pt)

(/usr/local/texlive/2015/texmf-dist/tex/context/base/supp-pdf.mkii
[Loading MPS to PDF converter (version 2006.09.02).]
\scratchcounter=\count95
\scratchdimen=\dimen120
\scratchbox=\box28
\nofMPsegments=\count96
\nofMParguments=\count97
\everyMPshowfont=\toks18
\MPscratchCnt=\count98
\MPscratchDim=\dimen121
\MPnumerator=\count99
\makeMPintoPDFobject=\count100
\everyMPtoPDFconversion=\toks19
) (/usr/local/texlive/2015/texmf-dist/tex/generic/oberdiek/pdftexcmds.sty
Package: pdftexcmds 2011/11/29 v0.20 Utility functions of pdfTeX for LuaTeX (HO
)

(/usr/local/texlive/2015/texmf-dist/tex/generic/oberdiek/ifluatex.sty
Package: ifluatex 2010/03/01 v1.3 Provides the ifluatex switch (HO)
Package ifluatex Info: LuaTeX not detected.
)
Package pdftexcmds Info: LuaTeX not detected.
Package pdftexcmds Info: \pdf@primitive is available.
Package pdftexcmds Info: \pdf@ifprimitive is available.
Package pdftexcmds Info: \pdfdraftmode found.
)
(/usr/local/texlive/2015/texmf-dist/tex/latex/oberdiek/epstopdf-base.sty
Package: epstopdf-base 2010/02/09 v2.5 Base part for package epstopdf

(/usr/local/texlive/2015/texmf-dist/tex/latex/oberdiek/grfext.sty
Package: grfext 2010/08/19 v1.1 Manage graphics extensions (HO)

(/usr/local/texlive/2015/texmf-dist/tex/generic/oberdiek/kvdefinekeys.sty
Package: kvdefinekeys 2011/04/07 v1.3 Define keys (HO)
))
(/usr/local/texlive/2015/texmf-dist/tex/latex/oberdiek/kvoptions.sty
Package: kvoptions 2011/06/30 v3.11 Key value format for package options (HO)

(/usr/local/texlive/2015/texmf-dist/tex/generic/oberdiek/kvsetkeys.sty
Package: kvsetkeys 2012/04/25 v1.16 Key value parser (HO)

(/usr/local/texlive/2015/texmf-dist/tex/generic/oberdiek/etexcmds.sty
Package: etexcmds 2011/02/16 v1.5 Avoid name clashes with e-TeX commands (HO)
Package etexcmds Info: Could not find \expanded.
(etexcmds)             That can mean that you are not using pdfTeX 1.50 or
(etexcmds)             that some package has redefined \expanded.
(etexcmds)             In the latter case, load this package earlier.
)))
Package grfext Info: Graphics extension search list:
(grfext)             [.png,.pdf,.jpg,.mps,.jpeg,.jbig2,.jb2,.PNG,.PDF,.JPG,.JPE
G,.JBIG2,.JB2,.eps]
(grfext)             \AppendGraphicsExtensions on input line 452.

(/usr/local/texlive/2015/texmf-dist/tex/latex/latexconfig/epstopdf-sys.cfg
File: epstopdf-sys.cfg 2010/07/13 v1.3 Configuration of (r)epstopdf for TeX Liv
e
))
Package caption Info: Begin \AtBeginDocument code.
Package caption Info: End \AtBeginDocument code.
LaTeX Font Info:    External font `cmex10' loaded for size
(Font)              <7> on input line 14.
LaTeX Font Info:    External font `cmex10' loaded for size
(Font)              <5> on input line 14.

Underfull \hbox (badness 10000) in paragraph at lines 12--15

 []


Underfull \hbox (badness 10000) in paragraph at lines 12--15

 []


Underfull \hbox (badness 10000) in paragraph at lines 12--15

 []

<Lift_Curve.pdf, id=1, 545.87134pt x 427.0936pt>
File: Lift_Curve.pdf Graphic file (type pdf)
 <use Lift_Curve.pdf>
Package pdftex.def Info: Lift_Curve.pdf used on input line 20.
(pdftex.def)             Requested size: 289.09386pt x 216.81125pt.

<SearsVsBEM.pdf, id=2, 595.54942pt x 371.1422pt>
File: SearsVsBEM.pdf Graphic file (type pdf)
 <use SearsVsBEM.pdf>
Package pdftex.def Info: SearsVsBEM.pdf used on input line 26.
(pdftex.def)             Requested size: 289.08649pt x 216.80865pt.
 [1

{/usr/local/texlive/2015/texmf-var/fonts/map/pdftex/updmap/pdftex.map} <./Lift_
Curve.pdf> <./SearsVsBEM.pdf>]
Underfull \hbox (badness 10000) in paragraph at lines 33--35

 []

<fp_total_compare.pdf, id=41, 566.20732pt x 423.92297pt>
File: fp_total_compare.pdf Graphic file (type pdf)

<use fp_total_compare.pdf>
Package pdftex.def Info: fp_total_compare.pdf used on input line 37.
(pdftex.def)             Requested size: 260.17342pt x 180.67265pt.
 [2 <./fp_total_compare.pdf>]
Underfull \hbox (badness 10000) in paragraph at lines 42--44

 []


Underfull \hbox (badness 10000) in paragraph at lines 42--44

 []

<Pressure_k5.pdf, id=58, 578.68816pt x 448.40543pt>
File: Pressure_k5.pdf Graphic file (type pdf)
 <use Pressure_k5.pdf>
Package pdftex.def Info: Pressure_k5.pdf used on input line 51.
(pdftex.def)             Requested size: 140.92773pt x 130.08214pt.

<Pressure_k5imag.pdf, id=59, 523.38658pt x 403.19313pt>
File: Pressure_k5imag.pdf Graphic file (type pdf)

<use Pressure_k5imag.pdf>
Package pdftex.def Info: Pressure_k5imag.pdf used on input line 56.
(pdftex.def)             Requested size: 140.92493pt x 130.08261pt.

<Pressure_k5real.pdf, id=60, 543.36815pt x 412.59967pt>
File: Pressure_k5real.pdf Graphic file (type pdf)

<use Pressure_k5real.pdf>
Package pdftex.def Info: Pressure_k5real.pdf used on input line 61.
(pdftex.def)             Requested size: 155.01906pt x 130.0829pt.

<pressure_k10mag.pdf, id=61, 549.01338pt x 407.2586pt>
File: pressure_k10mag.pdf Graphic file (type pdf)

<use pressure_k10mag.pdf>
Package pdftex.def Info: pressure_k10mag.pdf used on input line 71.
(pdftex.def)             Requested size: 140.93062pt x 130.08305pt.

<pressure_k10imag.pdf, id=62, 518.29921pt x 408.32852pt>
File: pressure_k10imag.pdf Graphic file (type pdf)

<use pressure_k10imag.pdf>
Package pdftex.def Info: pressure_k10imag.pdf used on input line 76.
(pdftex.def)             Requested size: 140.92332pt x 130.08835pt.

<pressure_k10real.pdf, id=63, 536.00961pt x 404.71391pt>
File: pressure_k10real.pdf Graphic file (type pdf)

<use pressure_k10real.pdf>
Package pdftex.def Info: pressure_k10real.pdf used on input line 81.
(pdftex.def)             Requested size: 155.02168pt x 130.0854pt.
 [3 <./Pressure_k5.pdf> <./Pressure_k5imag.pdf> <./Pressure_k5real.pdf> <./pres
sure_k10mag.pdf> <./pressure_k10imag.pdf> <./pressure_k10real.pdf>] <pressure_k
15mag.pdf, id=146, 551.83165pt x 411.42027pt>
File: pressure_k15mag.pdf Graphic file (type pdf)

<use pressure_k15mag.pdf>
Package pdftex.def Info: pressure_k15mag.pdf used on input line 92.
(pdftex.def)             Requested size: 140.92151pt x 130.08774pt.

<pressure_k15imag.pdf, id=147, 529.2419pt x 409.54507pt>
File: pressure_k15imag.pdf Graphic file (type pdf)

<use pressure_k15imag.pdf>
Package pdftex.def Info: pressure_k15imag.pdf used on input line 97.
(pdftex.def)             Requested size: 140.92677pt x 130.08223pt.

<pressure_k15real.pdf, id=148, 534.36203pt x 404.71391pt>
File: pressure_k15real.pdf Graphic file (type pdf)

<use pressure_k15real.pdf>
Package pdftex.def Info: pressure_k15real.pdf used on input line 102.
(pdftex.def)             Requested size: 155.01808pt x 130.0854pt.

<pressure_k20mag.pdf, id=149, 548.91922pt x 417.19034pt>
File: pressure_k20mag.pdf Graphic file (type pdf)

<use pressure_k20mag.pdf>
Package pdftex.def Info: pressure_k20mag.pdf used on input line 112.
(pdftex.def)             Requested size: 140.9232pt x 130.07883pt.

<pressure_k20imag.pdf, id=150, 533.65744pt x 413.5931pt>
File: pressure_k20imag.pdf Graphic file (type pdf)

<use pressure_k20imag.pdf>
Package pdftex.def Info: pressure_k20imag.pdf used on input line 117.
(pdftex.def)             Requested size: 140.92996pt x 130.08687pt.

<pressure_k20real.pdf, id=151, 533.81721pt x 415.0963pt>
File: pressure_k20real.pdf Graphic file (type pdf)

<use pressure_k20real.pdf>
Package pdftex.def Info: pressure_k20real.pdf used on input line 122.
(pdftex.def)             Requested size: 155.0148pt x 130.0783pt.
 [4 <./pressure_k15mag.pdf> <./pressure_k15imag.pdf> <./pressure_k15real.pdf> <
./pressure_k20mag.pdf> <./pressure_k20imag.pdf> <./pressure_k20real.pdf>] (./BE
M_Results.aux) ) 
Here is how much of TeX's memory you used:
 3180 strings out of 493089
 50660 string characters out of 6134842
 115893 words of memory out of 5000000
 6632 multiletter control sequences out of 15000+600000
 4247 words of font info for 16 fonts, out of 8000000 for 9000
 1141 hyphenation exceptions out of 8191
 38i,7n,38p,666b,447s stack positions out of 5000i,500n,10000p,200000b,80000s
</usr/local/texlive/2015/texmf-dist/fonts/type1/public/amsfonts
/cm/cmbx10.pfb></usr/local/texlive/2015/texmf-dist/fonts/type1/public/amsfonts/
cm/cmex10.pfb></usr/local/texlive/2015/texmf-dist/fonts/type1/public/amsfonts/c
m/cmmi10.pfb></usr/local/texlive/2015/texmf-dist/fonts/type1/public/amsfonts/cm
/cmmi7.pfb></usr/local/texlive/2015/texmf-dist/fonts/type1/public/amsfonts/cm/c
mr10.pfb></usr/local/texlive/2015/texmf-dist/fonts/type1/public/amsfonts/cm/cmr
9.pfb></usr/local/texlive/2015/texmf-dist/fonts/type1/public/amsfonts/cm/cmsy10
.pfb></usr/local/texlive/2015/texmf-dist/fonts/type1/public/amsfonts/cm/cmsy7.p
fb>
Output written on BEM_Results.pdf (4 pages, 523895 bytes).
PDF statistics:
 260 PDF objects out of 1000 (max. 8388607)
 184 compressed objects within 2 object streams
 0 named destinations out of 1000 (max. 500000)
 76 words of extra memory for PDF output out of 10000 (max. 10000000)

