This is pdfTeX, Version 3.14159265-2.6-1.40.16 (TeX Live 2015) (preloaded format=pdflatex 2015.5.24)  28 JUN 2016 11:37
entering extended mode
 restricted \write18 enabled.
 file:line:error style messages enabled.
 %&-line parsing enabled.
**Camber_Results.tex
(./Camber_Results.tex
LaTeX2e <2015/01/01>
Babel <3.9l> and hyphenation patterns for 79 languages loaded.
(/usr/local/texlive/2015/texmf-dist/tex/latex/base/article.cls
Document Class: article 2014/09/29 v1.4h Standard LaTeX document class
(/usr/local/texlive/2015/texmf-dist/tex/latex/base/size10.clo
File: size10.clo 2014/09/29 v1.4h Standard LaTeX file (size option)
)
\c@part=\count79
\c@section=\count80
\c@subsection=\count81
\c@subsubsection=\count82
\c@paragraph=\count83
\c@subparagraph=\count84
\c@figure=\count85
\c@table=\count86
\abovecaptionskip=\skip41
\belowcaptionskip=\skip42
\bibindent=\dimen102
)
(/usr/local/texlive/2015/texmf-dist/tex/latex/geometry/geometry.sty
Package: geometry 2010/09/12 v5.6 Page Geometry

(/usr/local/texlive/2015/texmf-dist/tex/latex/graphics/keyval.sty
Package: keyval 2014/10/28 v1.15 key=value parser (DPC)
\KV@toks@=\toks14
)
(/usr/local/texlive/2015/texmf-dist/tex/generic/oberdiek/ifpdf.sty
Package: ifpdf 2011/01/30 v2.3 Provides the ifpdf switch (HO)
Package ifpdf Info: pdfTeX in PDF mode is detected.
)
(/usr/local/texlive/2015/texmf-dist/tex/generic/oberdiek/ifvtex.sty
Package: ifvtex 2010/03/01 v1.5 Detect VTeX and its facilities (HO)
Package ifvtex Info: VTeX not detected.
)
(/usr/local/texlive/2015/texmf-dist/tex/generic/ifxetex/ifxetex.sty
Package: ifxetex 2010/09/12 v0.6 Provides ifxetex conditional
)
\Gm@cnth=\count87
\Gm@cntv=\count88
\c@Gm@tempcnt=\count89
\Gm@bindingoffset=\dimen103
\Gm@wd@mp=\dimen104
\Gm@odd@mp=\dimen105
\Gm@even@mp=\dimen106
\Gm@layoutwidth=\dimen107
\Gm@layoutheight=\dimen108
\Gm@layouthoffset=\dimen109
\Gm@layoutvoffset=\dimen110
\Gm@dimlist=\toks15
)
(/usr/local/texlive/2015/texmf-dist/tex/latex/graphics/graphicx.sty
Package: graphicx 2014/10/28 v1.0g Enhanced LaTeX Graphics (DPC,SPQR)

(/usr/local/texlive/2015/texmf-dist/tex/latex/graphics/graphics.sty
Package: graphics 2014/10/28 v1.0p Standard LaTeX Graphics (DPC,SPQR)

(/usr/local/texlive/2015/texmf-dist/tex/latex/graphics/trig.sty
Package: trig 1999/03/16 v1.09 sin cos tan (DPC)
)
(/usr/local/texlive/2015/texmf-dist/tex/latex/latexconfig/graphics.cfg
File: graphics.cfg 2010/04/23 v1.9 graphics configuration of TeX Live
)
Package graphics Info: Driver file: pdftex.def on input line 94.

(/usr/local/texlive/2015/texmf-dist/tex/latex/pdftex-def/pdftex.def
File: pdftex.def 2011/05/27 v0.06d Graphics/color for pdfTeX

(/usr/local/texlive/2015/texmf-dist/tex/generic/oberdiek/infwarerr.sty
Package: infwarerr 2010/04/08 v1.3 Providing info/warning/error messages (HO)
)
(/usr/local/texlive/2015/texmf-dist/tex/generic/oberdiek/ltxcmds.sty
Package: ltxcmds 2011/11/09 v1.22 LaTeX kernel commands for general use (HO)
)
\Gread@gobject=\count90
))
\Gin@req@height=\dimen111
\Gin@req@width=\dimen112
)
(/usr/local/texlive/2015/texmf-dist/tex/latex/float/float.sty
Package: float 2001/11/08 v1.3d Float enhancements (AL)
\c@float@type=\count91
\float@exts=\toks16
\float@box=\box26
\@float@everytoks=\toks17
\@floatcapt=\box27
)
(/usr/local/texlive/2015/texmf-dist/tex/latex/caption/caption.sty
Package: caption 2013/05/02 v3.3-89 Customizing captions (AR)

(/usr/local/texlive/2015/texmf-dist/tex/latex/caption/caption3.sty
Package: caption3 2013/05/02 v1.6-88 caption3 kernel (AR)
Package caption3 Info: TeX engine: e-TeX on input line 57.
\captionmargin=\dimen113
\captionmargin@=\dimen114
\captionwidth=\dimen115
\caption@tempdima=\dimen116
\caption@indent=\dimen117
\caption@parindent=\dimen118
\caption@hangindent=\dimen119
)
\c@ContinuedFloat=\count92
Package caption Info: float package is loaded.
)
(/usr/local/texlive/2015/texmf-dist/tex/latex/caption/subcaption.sty
Package: subcaption 2013/02/03 v1.1-62 Sub-captions (AR)
\c@subfigure=\count93
\c@subtable=\count94
)
(./Camber_Results.aux)
\openout1 = `Camber_Results.aux'.

LaTeX Font Info:    Checking defaults for OML/cmm/m/it on input line 10.
LaTeX Font Info:    ... okay on input line 10.
LaTeX Font Info:    Checking defaults for T1/cmr/m/n on input line 10.
LaTeX Font Info:    ... okay on input line 10.
LaTeX Font Info:    Checking defaults for OT1/cmr/m/n on input line 10.
LaTeX Font Info:    ... okay on input line 10.
LaTeX Font Info:    Checking defaults for OMS/cmsy/m/n on input line 10.
LaTeX Font Info:    ... okay on input line 10.
LaTeX Font Info:    Checking defaults for OMX/cmex/m/n on input line 10.
LaTeX Font Info:    ... okay on input line 10.
LaTeX Font Info:    Checking defaults for U/cmr/m/n on input line 10.
LaTeX Font Info:    ... okay on input line 10.

*geometry* driver: auto-detecting
*geometry* detected driver: pdftex
*geometry* verbose mode - [ preamble ] result:
* driver: pdftex
* paper: letterpaper
* layout: <same size as paper>
* layoutoffset:(h,v)=(0.0pt,0.0pt)
* modes: 
* h-part:(L,W,R)=(72.26999pt, 469.75502pt, 72.26999pt)
* v-part:(T,H,B)=(72.26999pt, 650.43001pt, 72.26999pt)
* \paperwidth=614.295pt
* \paperheight=794.96999pt
* \textwidth=469.75502pt
* \textheight=650.43001pt
* \oddsidemargin=0.0pt
* \evensidemargin=0.0pt
* \topmargin=-37.0pt
* \headheight=12.0pt
* \headsep=25.0pt
* \topskip=10.0pt
* \footskip=30.0pt
* \marginparwidth=65.0pt
* \marginparsep=11.0pt
* \columnsep=10.0pt
* \skip\footins=9.0pt plus 4.0pt minus 2.0pt
* \hoffset=0.0pt
* \voffset=0.0pt
* \mag=1000
* \@twocolumnfalse
* \@twosidefalse
* \@mparswitchfalse
* \@reversemarginfalse
* (1in=72.27pt=25.4mm, 1cm=28.453pt)

(/usr/local/texlive/2015/texmf-dist/tex/context/base/supp-pdf.mkii
[Loading MPS to PDF converter (version 2006.09.02).]
\scratchcounter=\count95
\scratchdimen=\dimen120
\scratchbox=\box28
\nofMPsegments=\count96
\nofMParguments=\count97
\everyMPshowfont=\toks18
\MPscratchCnt=\count98
\MPscratchDim=\dimen121
\MPnumerator=\count99
\makeMPintoPDFobject=\count100
\everyMPtoPDFconversion=\toks19
) (/usr/local/texlive/2015/texmf-dist/tex/generic/oberdiek/pdftexcmds.sty
Package: pdftexcmds 2011/11/29 v0.20 Utility functions of pdfTeX for LuaTeX (HO
)

(/usr/local/texlive/2015/texmf-dist/tex/generic/oberdiek/ifluatex.sty
Package: ifluatex 2010/03/01 v1.3 Provides the ifluatex switch (HO)
Package ifluatex Info: LuaTeX not detected.
)
Package pdftexcmds Info: LuaTeX not detected.
Package pdftexcmds Info: \pdf@primitive is available.
Package pdftexcmds Info: \pdf@ifprimitive is available.
Package pdftexcmds Info: \pdfdraftmode found.
)
(/usr/local/texlive/2015/texmf-dist/tex/latex/oberdiek/epstopdf-base.sty
Package: epstopdf-base 2010/02/09 v2.5 Base part for package epstopdf

(/usr/local/texlive/2015/texmf-dist/tex/latex/oberdiek/grfext.sty
Package: grfext 2010/08/19 v1.1 Manage graphics extensions (HO)

(/usr/local/texlive/2015/texmf-dist/tex/generic/oberdiek/kvdefinekeys.sty
Package: kvdefinekeys 2011/04/07 v1.3 Define keys (HO)
))
(/usr/local/texlive/2015/texmf-dist/tex/latex/oberdiek/kvoptions.sty
Package: kvoptions 2011/06/30 v3.11 Key value format for package options (HO)

(/usr/local/texlive/2015/texmf-dist/tex/generic/oberdiek/kvsetkeys.sty
Package: kvsetkeys 2012/04/25 v1.16 Key value parser (HO)

(/usr/local/texlive/2015/texmf-dist/tex/generic/oberdiek/etexcmds.sty
Package: etexcmds 2011/02/16 v1.5 Avoid name clashes with e-TeX commands (HO)
Package etexcmds Info: Could not find \expanded.
(etexcmds)             That can mean that you are not using pdfTeX 1.50 or
(etexcmds)             that some package has redefined \expanded.
(etexcmds)             In the latter case, load this package earlier.
)))
Package grfext Info: Graphics extension search list:
(grfext)             [.png,.pdf,.jpg,.mps,.jpeg,.jbig2,.jb2,.PNG,.PDF,.JPG,.JPE
G,.JBIG2,.JB2,.eps]
(grfext)             \AppendGraphicsExtensions on input line 452.

(/usr/local/texlive/2015/texmf-dist/tex/latex/latexconfig/epstopdf-sys.cfg
File: epstopdf-sys.cfg 2010/07/13 v1.3 Configuration of (r)epstopdf for TeX Liv
e
))
Package caption Info: Begin \AtBeginDocument code.
Package caption Info: End \AtBeginDocument code.
LaTeX Font Info:    External font `cmex10' loaded for size
(Font)              <7> on input line 14.
LaTeX Font Info:    External font `cmex10' loaded for size
(Font)              <5> on input line 14.

Underfull \hbox (badness 10000) in paragraph at lines 12--15

 []


Underfull \hbox (badness 10000) in paragraph at lines 12--15

 []

<Camber_Compare.pdf, id=1, 566.80692pt x 438.83908pt>
File: Camber_Compare.pdf Graphic file (type pdf)
 <use Camber_Compare.pdf>
Package pdftex.def Info: Camber_Compare.pdf used on input line 17.
(pdftex.def)             Requested size: 289.08499pt x 216.8142pt.

<Martinez_Camber.pdf, id=2, 739.84995pt x 462.41223pt>
File: Martinez_Camber.pdf Graphic file (type pdf)

<use Martinez_Camber.pdf>
Package pdftex.def Info: Martinez_Camber.pdf used on input line 23.
(pdftex.def)             Requested size: 289.0709pt x 180.67166pt.

Underfull \hbox (badness 10000) in paragraph at lines 28--29

 []

[1

{/usr/local/texlive/2015/texmf-var/fonts/map/pdftex/updmap/pdftex.map} <./Cambe
r_Compare.pdf> <./Martinez_Camber.pdf, page is rotated 90 degrees>]
Underfull \hbox (badness 10000) in paragraph at lines 35--36

 []


Underfull \hbox (badness 10000) in paragraph at lines 35--36

 []

<NACA1101.pdf, id=35, 571.83069pt x 427.4633pt>
File: NACA1101.pdf Graphic file (type pdf)
 <use NACA1101.pdf>
Package pdftex.def Info: NACA1101.pdf used on input line 41.
(pdftex.def)             Requested size: 252.94127pt x 180.6748pt.

Overfull \hbox (18.06377pt too wide) in paragraph at lines 41--42
 [][] 
 []

<NACA2101.pdf, id=36, 557.36533pt x 428.27956pt>
File: NACA2101.pdf Graphic file (type pdf)
 <use NACA2101.pdf>
Package pdftex.def Info: NACA2101.pdf used on input line 46.
(pdftex.def)             Requested size: 245.71776pt x 180.68pt.

Overfull \hbox (10.84026pt too wide) in paragraph at lines 46--47
 [][] 
 []

<NACA2401.pdf, id=37, 544.60005pt x 420.66501pt>
File: NACA2401.pdf Graphic file (type pdf)
 <use NACA2401.pdf>
Package pdftex.def Info: NACA2401.pdf used on input line 57.
(pdftex.def)             Requested size: 252.94556pt x 180.67702pt.

Overfull \hbox (18.06805pt too wide) in paragraph at lines 57--58
 [][] 
 []

<NACA1103.pdf, id=38, 561.65393pt x 425.79817pt>
File: NACA1103.pdf Graphic file (type pdf)
 <use NACA1103.pdf>
Package pdftex.def Info: NACA1103.pdf used on input line 62.
(pdftex.def)             Requested size: 245.71442pt x 180.6727pt.

Overfull \hbox (10.83691pt too wide) in paragraph at lines 62--63
 [][] 
 []

[2 <./NACA1101.pdf> <./NACA2101.pdf> <./NACA2401.pdf> <./NACA1103.pdf>]
<NACA2103.pdf, id=94, 563.87488pt x 434.40614pt>
File: NACA2103.pdf Graphic file (type pdf)
 <use NACA2103.pdf>
Package pdftex.def Info: NACA2103.pdf used on input line 73.
(pdftex.def)             Requested size: 252.94977pt x 180.67952pt.

Overfull \hbox (18.07227pt too wide) in paragraph at lines 73--74
 [][] 
 []

<NACA2403.pdf, id=95, 538.98312pt x 413.39906pt>
File: NACA2403.pdf Graphic file (type pdf)
 <use NACA2403.pdf>
Package pdftex.def Info: NACA2403.pdf used on input line 78.
(pdftex.def)             Requested size: 231.26477pt x 180.67241pt.

<NACA1106.pdf, id=96, 549.36345pt x 411.54283pt>
File: NACA1106.pdf Graphic file (type pdf)
 <use NACA1106.pdf>
Package pdftex.def Info: NACA1106.pdf used on input line 87.
(pdftex.def)             Requested size: 252.94496pt x 180.6775pt.

Overfull \hbox (18.06746pt too wide) in paragraph at lines 87--88
 [][] 
 []

<NACA2106.pdf, id=97, 553.5011pt x 442.12347pt>
File: NACA2106.pdf Graphic file (type pdf)
 <use NACA2106.pdf>
Package pdftex.def Info: NACA2106.pdf used on input line 92.
(pdftex.def)             Requested size: 245.72023pt x 187.90335pt.

Overfull \hbox (10.84273pt too wide) in paragraph at lines 92--93
 [][] 
 []

[3 <./NACA2103.pdf> <./NACA2403.pdf> <./NACA1106.pdf> <./NACA2106.pdf>]
Underfull \hbox (badness 10000) in paragraph at lines 98--99

 []


Underfull \hbox (badness 10000) in paragraph at lines 98--99

 []

<NACA1101_pressure_k5mag.pdf, id=154, 549.22346pt x 407.08357pt>
File: NACA1101_pressure_k5mag.pdf Graphic file (type pdf)

<use NACA1101_pressure_k5mag.pdf>
Package pdftex.def Info: NACA1101_pressure_k5mag.pdf used on input line 104.
(pdftex.def)             Requested size: 140.92589pt x 104.06892pt.

<NACA1101_pressure_k5imag.pdf, id=155, 553.81618pt x 414.15326pt>
File: NACA1101_pressure_k5imag.pdf Graphic file (type pdf)

<use NACA1101_pressure_k5imag.pdf>
Package pdftex.def Info: NACA1101_pressure_k5imag.pdf used on input line 109.
(pdftex.def)             Requested size: 140.92126pt x 104.0689pt.

<NACA1101_pressure_k5real.pdf, id=156, 553.36761pt x 414.1861pt>
File: NACA1101_pressure_k5real.pdf Graphic file (type pdf)

<use NACA1101_pressure_k5real.pdf>
Package pdftex.def Info: NACA1101_pressure_k5real.pdf used on input line 114.
(pdftex.def)             Requested size: 155.01787pt x 104.07082pt.

<NACA1101_pressure_k10mag.pdf, id=157, 547.65456pt x 414.58649pt>
File: NACA1101_pressure_k10mag.pdf Graphic file (type pdf)

<use NACA1101_pressure_k10mag.pdf>
Package pdftex.def Info: NACA1101_pressure_k10mag.pdf used on input line 124.
(pdftex.def)             Requested size: 140.92442pt x 104.0702pt.

<NACA1101_pressure_k10imag.pdf, id=158, 519.53117pt x 408.47516pt>
File: NACA1101_pressure_k10imag.pdf Graphic file (type pdf)

<use NACA1101_pressure_k10imag.pdf>
Package pdftex.def Info: NACA1101_pressure_k10imag.pdf used on input line 129.
(pdftex.def)             Requested size: 140.92532pt x 104.0694pt.

<NACA1101_pressure_k10real.pdf, id=159, 540.87158pt x 417.33688pt>
File: NACA1101_pressure_k10real.pdf Graphic file (type pdf)

<use NACA1101_pressure_k10real.pdf>
Package pdftex.def Info: NACA1101_pressure_k10real.pdf used on input line 134.
(pdftex.def)             Requested size: 155.01656pt x 104.07286pt.

<NACA1101_pressure_k15mag.pdf, id=160, 549.03091pt x 419.17703pt>
File: NACA1101_pressure_k15mag.pdf Graphic file (type pdf)

<use NACA1101_pressure_k15mag.pdf>
Package pdftex.def Info: NACA1101_pressure_k15mag.pdf used on input line 144.
(pdftex.def)             Requested size: 140.92674pt x 104.07123pt.

<NACA1101_pressure_k15imag.pdf, id=161, 509.0044pt x 415.11375pt>
File: NACA1101_pressure_k15imag.pdf Graphic file (type pdf)

<use NACA1101_pressure_k15imag.pdf>
Package pdftex.def Info: NACA1101_pressure_k15imag.pdf used on input line 149.
(pdftex.def)             Requested size: 140.92807pt x 104.06955pt.

<NACA1101_pressure_k15real.pdf, id=162, 536.29846pt x 417.06334pt>
File: NACA1101_pressure_k15real.pdf Graphic file (type pdf)

<use NACA1101_pressure_k15real.pdf>
Package pdftex.def Info: NACA1101_pressure_k15real.pdf used on input line 154.
(pdftex.def)             Requested size: 155.0152pt x 104.0683pt.
 [4 <./NACA1101_pressure_k5mag.pdf> <./NACA1101_pressure_k5imag.pdf> <./NACA110
1_pressure_k5real.pdf> <./NACA1101_pressure_k10mag.pdf> <./NACA1101_pressure_k1
0imag.pdf> <./NACA1101_pressure_k10real.pdf> <./NACA1101_pressure_k15mag.pdf> <
./NACA1101_pressure_k15imag.pdf> <./NACA1101_pressure_k15real.pdf>] (./Camber_R
esults.aux) ) 
Here is how much of TeX's memory you used:
 3204 strings out of 493089
 51411 string characters out of 6134842
 115893 words of memory out of 5000000
 6648 multiletter control sequences out of 15000+600000
 4247 words of font info for 16 fonts, out of 8000000 for 9000
 1141 hyphenation exceptions out of 8191
 38i,7n,38p,453b,447s stack positions out of 5000i,500n,10000p,200000b,80000s
</usr/local/texlive/2015/texmf-dist/fonts/type1/public/amsfonts/cm
/cmbx10.pfb></usr/local/texlive/2015/texmf-dist/fonts/type1/public/amsfonts/cm/
cmr10.pfb></usr/local/texlive/2015/texmf-dist/fonts/type1/public/amsfonts/cm/cm
r9.pfb>
Output written on Camber_Results.pdf (4 pages, 764589 bytes).
PDF statistics:
 296 PDF objects out of 1000 (max. 8388607)
 208 compressed objects within 3 object streams
 0 named destinations out of 1000 (max. 500000)
 96 words of extra memory for PDF output out of 10000 (max. 10000000)

